#-----------------------------------------------------------
# PlanAhead v14.7 (64-bit)
# Build 321239 by xbuild on Fri Sep 27 19:29:51 MDT 2013
# Start of session at: Sat Dec 03 16:29:07 2016
# Process ID: 20144
# Log file: C:/Users/CMPE 3432/Downloads/project1125/projectMuisc/planAhead_run_2/planAhead.log
# Journal file: C:/Users/CMPE 3432/Downloads/project1125/projectMuisc/planAhead_run_2/planAhead.jou
#-----------------------------------------------------------
INFO: [Common 17-78] Attempting to get a license: PlanAhead
INFO: [Common 17-290] Got license for PlanAhead
INFO: [Device 21-36] Loading parts and site information from C:/Xilinx/14.7/ISE_DS/PlanAhead/data/parts/arch.xml
Parsing RTL primitives file [C:/Xilinx/14.7/ISE_DS/PlanAhead/data/parts/xilinx/rtl/prims/rtl_prims.xml]
Finished parsing RTL primitives file [C:/Xilinx/14.7/ISE_DS/PlanAhead/data/parts/xilinx/rtl/prims/rtl_prims.xml]
start_gui
source {C:/Users/CMPE 3432/Downloads/project1125/projectMuisc/pa.fromNetlist.tcl}
# create_project -name projectMuisc -dir "C:/Users/CMPE 3432/Downloads/project1125/projectMuisc/planAhead_run_4" -part xc6slx16csg324-3
# set_property design_mode GateLvl [get_property srcset [current_run -impl]]
# set_property edif_top_file "C:/Users/CMPE 3432/Downloads/project1125/projectMuisc/Project.ngc" [ get_property srcset [ current_run ] ]
# add_files -norecurse { {C:/Users/CMPE 3432/Downloads/project1125/projectMuisc} }
# set_property target_constrs_file "prjconstra.ucf" [current_fileset -constrset]
Adding file 'C:/Users/CMPE 3432/Downloads/project1125/projectMuisc/prjconstra.ucf' to fileset 'constrs_1'
# add_files [list {prjconstra.ucf}] -fileset [get_property constrset [current_run]]
# link_design
Design is defaulting to srcset: sources_1
Design is defaulting to constrset: constrs_1
Design is defaulting to project part: xc6slx16csg324-3
Release 14.7 - ngc2edif P.20131013 (nt64)
Copyright (c) 1995-2013 Xilinx, Inc.  All rights reserved.
Reading design Project.ngc ...
WARNING:NetListWriters:298 - No output is written to Project.xncf, ignored.
Processing design ...
   Preping design's networks ...
   Preping design's macros ...
WARNING:NetListWriters:306 - Signal bus key_dat<19 : 1> on block Project is not
   reconstructed, because there are some missing bus signals.
WARNING:NetListWriters:306 - Signal bus instance2/digit<3 : 0> on block Project
   is not reconstructed, because there are some missing bus signals.
  finished :Prep
Writing EDIF netlist file Project.edif ...
ngc2edif: Total memory usage is 85220 kilobytes

Parsing EDIF File [./planAhead_run_4/projectMuisc.data/cache/Project_ngc_zx.edif]
Finished Parsing EDIF File [./planAhead_run_4/projectMuisc.data/cache/Project_ngc_zx.edif]
INFO: [Netlist 29-17] Analyzing 2 Unisim elements for replacement
INFO: [Netlist 29-28] Unisim Transformation completed in 0 CPU seconds
Loading clock regions from C:/Xilinx/14.7/ISE_DS/PlanAhead/data\parts/xilinx/spartan6/spartan6lx/xc6slx16/ClockRegion.xml
Loading clock buffers from C:/Xilinx/14.7/ISE_DS/PlanAhead/data\parts/xilinx/spartan6/spartan6lx/xc6slx16/ClockBuffers.xml
Loading package pin functions from C:/Xilinx/14.7/ISE_DS/PlanAhead/data\parts/xilinx/spartan6/PinFunctions.xml...
Loading package from C:/Xilinx/14.7/ISE_DS/PlanAhead/data\parts/xilinx/spartan6/spartan6lx/xc6slx16/csg324/Package.xml
Loading io standards from C:/Xilinx/14.7/ISE_DS/PlanAhead/data\./parts/xilinx/spartan6/IOStandards.xml
Loading device configuration modes from C:/Xilinx/14.7/ISE_DS/PlanAhead/data\parts/xilinx/spartan6/ConfigModes.xml
Loading list of drcs for the architecture : C:/Xilinx/14.7/ISE_DS/PlanAhead/data\./parts/xilinx/spartan6/drc.xml
Parsing UCF File [C:/Users/CMPE 3432/Downloads/project1125/projectMuisc/prjconstra.ucf]
CRITICAL WARNING: [Constraints 18-11] Could not find net 'reset' [C:/Users/CMPE 3432/Downloads/project1125/projectMuisc/prjconstra.ucf:66]
CRITICAL WARNING: [Constraints 18-10] Could not create constraint 'CLOCK_DEDICATED_ROUTE' [C:/Users/CMPE 3432/Downloads/project1125/projectMuisc/prjconstra.ucf:66]
CRITICAL WARNING: [Constraints 18-11] Could not find net 'clk_user' [C:/Users/CMPE 3432/Downloads/project1125/projectMuisc/prjconstra.ucf:67]
CRITICAL WARNING: [Constraints 18-10] Could not create constraint 'Clock_DEDICATED_ROUTE' [C:/Users/CMPE 3432/Downloads/project1125/projectMuisc/prjconstra.ucf:67]
Finished Parsing UCF File [C:/Users/CMPE 3432/Downloads/project1125/projectMuisc/prjconstra.ucf]
INFO: [Designutils 20-20] Invalid constraints found, use command 'write_ucf -constraints invalid <file>' to save all the invalid constraints to a file
INFO: [Project 1-111] Unisim Transformation Summary:
  A total of 2 instances were transformed.
  BUFGP => BUFGP (IBUF, BUFG): 2 instances

Phase 0 | Netlist Checksum: 3e6df04e
link_design: Time (s): elapsed = 00:00:13 . Memory (MB): peak = 651.965 ; gain = 187.180
design_1
exit
ERROR: [PlanAhead 12-106] *** Exception: ui.h.b: Found deleted key in HTclEventBroker. Verify if the classes listed here call cleanup()
HTclEvent: DEBUG_CORE_CONFIG_CHANGE   Classes: ui.views.aR 
HTclEvent: SIGNAL_BUS_MODIFY   Classes: ui.views.aR 
HTclEvent: SIGNAL_MODIFY   Classes: ui.views.aR 
HTclEvent: DEBUG_PORT_CONFIG_CHANGE   Classes: ui.views.aR 
 (See C:/Users/CMPE 3432/Downloads/project1125/projectMuisc\planAhead_pid20144.debug)
ERROR: [Common 17-39] 'stop_gui' failed due to earlier errors.
INFO: [Common 17-206] Exiting PlanAhead at Sat Dec 03 16:29:58 2016...
INFO: [Common 17-83] Releasing license: PlanAhead
