Release 14.7 - ngc2edif P.20131013 (nt64)
Copyright (c) 1995-2013 Xilinx, Inc.  All rights reserved.
Reading design Project.ngc ...
WARNING:NetListWriters:298 - No output is written to Project.xncf, ignored.
Processing design ...
   Preping design's networks ...
   Preping design's macros ...
WARNING:NetListWriters:306 - Signal bus key_dat<19 : 1> on block Project is not
   reconstructed, because there are some missing bus signals.
WARNING:NetListWriters:306 - Signal bus instance2/digit<3 : 0> on block Project
   is not reconstructed, because there are some missing bus signals.
  finished :Prep
Writing EDIF netlist file Project.edif ...
ngc2edif: Total memory usage is 84732 kilobytes

Release 14.7 - ngc2edif P.20131013 (nt64)
Copyright (c) 1995-2013 Xilinx, Inc.  All rights reserved.
Reading design Project.ngc ...
WARNING:NetListWriters:298 - No output is written to Project.xncf, ignored.
Processing design ...
   Preping design's networks ...
   Preping design's macros ...
WARNING:NetListWriters:306 - Signal bus key_dat<19 : 1> on block Project is not
   reconstructed, because there are some missing bus signals.
WARNING:NetListWriters:306 - Signal bus instance2/digit<3 : 0> on block Project
   is not reconstructed, because there are some missing bus signals.
  finished :Prep
Writing EDIF netlist file Project.edif ...
ngc2edif: Total memory usage is 85220 kilobytes

Release 14.7 - ngc2edif P.20131013 (nt64)
Copyright (c) 1995-2013 Xilinx, Inc.  All rights reserved.
Reading design Project.ngc ...
WARNING:NetListWriters:298 - No output is written to Project.xncf, ignored.
Processing design ...
   Preping design's networks ...
   Preping design's macros ...
WARNING:NetListWriters:306 - Signal bus key_dat<19 : 1> on block Project is not
   reconstructed, because there are some missing bus signals.
WARNING:NetListWriters:306 - Signal bus instance2/digit<3 : 0> on block Project
   is not reconstructed, because there are some missing bus signals.
  finished :Prep
Writing EDIF netlist file Project.edif ...
ngc2edif: Total memory usage is 84732 kilobytes

Release 14.7 - ngc2edif P.20131013 (nt64)
Copyright (c) 1995-2013 Xilinx, Inc.  All rights reserved.
Reading design Project.ngc ...
WARNING:NetListWriters:298 - No output is written to Project.xncf, ignored.
Processing design ...
   Preping design's networks ...
   Preping design's macros ...
WARNING:NetListWriters:306 - Signal bus key_dat<19 : 1> on block Project is not
   reconstructed, because there are some missing bus signals.
WARNING:NetListWriters:306 - Signal bus instance2/digit<3 : 0> on block Project
   is not reconstructed, because there are some missing bus signals.
  finished :Prep
Writing EDIF netlist file Project.edif ...
ngc2edif: Total memory usage is 84732 kilobytes

